Error: A JNI error has occurred, please check your installation and try again
Exception in thread "main" java.lang.SecurityException: Invalid signature file digest for Manifest main attributes
	at java.base/sun.security.util.SignatureFileVerifier.processImpl(SignatureFileVerifier.java:340)
	at java.base/sun.security.util.SignatureFileVerifier.process(SignatureFileVerifier.java:282)
	at java.base/java.util.jar.JarVerifier.processEntry(JarVerifier.java:323)
	at java.base/java.util.jar.JarVerifier.update(JarVerifier.java:235)
	at java.base/java.util.jar.JarFile.initializeVerifier(JarFile.java:761)
	at java.base/java.util.jar.JarFile.ensureInitialization(JarFile.java:1071)
	at java.base/java.util.jar.JavaUtilJarAccessImpl.ensureInitialization(JavaUtilJarAccessImpl.java:42)
	at java.base/jdk.internal.loader.URLClassPath$JarLoader$2.getManifest(URLClassPath.java:852)
	at java.base/jdk.internal.loader.BuiltinClassLoader.defineClass(BuiltinClassLoader.java:848)
	at java.base/jdk.internal.loader.BuiltinClassLoader.findClassOnClassPathOrNull(BuiltinClassLoader.java:760)
	at java.base/jdk.internal.loader.BuiltinClassLoader.loadClassOrNull(BuiltinClassLoader.java:681)
	at java.base/jdk.internal.loader.BuiltinClassLoader.loadClass(BuiltinClassLoader.java:639)
	at java.base/jdk.internal.loader.ClassLoaders$AppClassLoader.loadClass(ClassLoaders.java:188)
	at java.base/java.lang.ClassLoader.loadClass(ClassLoader.java:526)
	at java.base/java.lang.Class.forName0(Native Method)
	at java.base/java.lang.Class.forName(Class.java:534)
	at java.base/java.lang.Class.forName(Class.java:513)
	at java.base/sun.launcher.LauncherHelper.loadMainClass(LauncherHelper.java:811)
	at java.base/sun.launcher.LauncherHelper.checkAndLoadMain(LauncherHelper.java:706)
Error: A JNI error has occurred, please check your installation and try again
Exception in thread "main" java.lang.SecurityException: Invalid signature file digest for Manifest main attributes
	at java.base/sun.security.util.SignatureFileVerifier.processImpl(SignatureFileVerifier.java:340)
	at java.base/sun.security.util.SignatureFileVerifier.process(SignatureFileVerifier.java:282)
	at java.base/java.util.jar.JarVerifier.processEntry(JarVerifier.java:323)
	at java.base/java.util.jar.JarVerifier.update(JarVerifier.java:235)
	at java.base/java.util.jar.JarFile.initializeVerifier(JarFile.java:761)
	at java.base/java.util.jar.JarFile.ensureInitialization(JarFile.java:1071)
	at java.base/java.util.jar.JavaUtilJarAccessImpl.ensureInitialization(JavaUtilJarAccessImpl.java:42)
	at java.base/jdk.internal.loader.URLClassPath$JarLoader$2.getManifest(URLClassPath.java:852)
	at java.base/jdk.internal.loader.BuiltinClassLoader.defineClass(BuiltinClassLoader.java:848)
	at java.base/jdk.internal.loader.BuiltinClassLoader.findClassOnClassPathOrNull(BuiltinClassLoader.java:760)
	at java.base/jdk.internal.loader.BuiltinClassLoader.loadClassOrNull(BuiltinClassLoader.java:681)
	at java.base/jdk.internal.loader.BuiltinClassLoader.loadClass(BuiltinClassLoader.java:639)
	at java.base/jdk.internal.loader.ClassLoaders$AppClassLoader.loadClass(ClassLoaders.java:188)
	at java.base/java.lang.ClassLoader.loadClass(ClassLoader.java:526)
	at java.base/java.lang.Class.forName0(Native Method)
	at java.base/java.lang.Class.forName(Class.java:534)
	at java.base/java.lang.Class.forName(Class.java:513)
	at java.base/sun.launcher.LauncherHelper.loadMainClass(LauncherHelper.java:811)
	at java.base/sun.launcher.LauncherHelper.checkAndLoadMain(LauncherHelper.java:706)
